# JRE version: OpenJDK Runtime Environment Temurin-17.0.10+7 (17.0.10+7) (build 17.0.10+7)
# Java VM: OpenJDK 64-Bit Server VM Temurin-17.0.10+7 (17.0.10+7, mixed mode, tiered, compressed oops, compressed class ptrs, parallel gc, windows-amd64)
GC Precious Log:
 CPUs: 8 total, 8 available
 Memory: 6873M
 Large Page Support: Disabled
 NUMA Support: Disabled
 Compressed Oops: Enabled (32-bit)
 Alignments: Space 512K, Generation 512K, Heap 2M
 Heap Min Capacity: 100M
 Heap Initial Capacity: 100M
 Heap Max Capacity: 1G
 Pre-touch: Disabled
 Parallel Workers: 8
Heap:
 PSYoungGen      total 8704K, used 5785K [0x00000000eab00000, 0x00000000eba00000, 0x0000000100000000)
  eden space 6144K, 53% used [0x00000000eab00000,0x00000000eae3b488,0x00000000eb100000)
  from space 2560K, 96% used [0x00000000eb780000,0x00000000eb9eb1a0,0x00000000eba00000)
  to   space 3584K, 0% used [0x00000000eb300000,0x00000000eb300000,0x00000000eb680000)
 ParOldGen       total 171008K, used 161399K [0x00000000c0000000, 0x00000000ca700000, 0x00000000eab00000)
  object space 171008K, 94% used [0x00000000c0000000,0x00000000c9d9dc38,0x00000000ca700000)
 Metaspace       used 103733K, committed 105088K, reserved 1179648K
  class space    used 10189K, committed 10752K, reserved 1048576K
GC Heap History (20 events):
Event: 2178.839 GC heap before
{Heap before GC invocations=8788 (full 227):
 PSYoungGen      total 6656K, used 6656K [0x00000000eab00000, 0x00000000eb300000, 0x0000000100000000)
  eden space 6144K, 100% used [0x00000000eab00000,0x00000000eb100000,0x00000000eb100000)
  from space 512K, 100% used [0x00000000eb200000,0x00000000eb280000,0x00000000eb280000)
  to   space 1024K, 0% used [0x00000000eb100000,0x00000000eb100000,0x00000000eb200000)
 ParOldGen       total 171008K, used 155124K [0x00000000c0000000, 0x00000000ca700000, 0x00000000eab00000)
  object space 171008K, 90% used [0x00000000c0000000,0x00000000c977d1e8,0x00000000ca700000)
 Metaspace       used 103705K, committed 105088K, reserved 1179648K
  class space    used 10189K, committed 10752K, reserved 1048576K
}
Event: 2178.840 GC heap after
{Heap after GC invocations=8788 (full 227):
 PSYoungGen      total 7168K, used 288K [0x00000000eab00000, 0x00000000eb280000, 0x0000000100000000)
  eden space 6144K, 0% used [0x00000000eab00000,0x00000000eab00000,0x00000000eb100000)
  from space 1024K, 28% used [0x00000000eb100000,0x00000000eb148000,0x00000000eb200000)
  to   space 512K, 0% used [0x00000000eb200000,0x00000000eb200000,0x00000000eb280000)
 ParOldGen       total 171008K, used 155364K [0x00000000c0000000, 0x00000000ca700000, 0x00000000eab00000)
  object space 171008K, 90% used [0x00000000c0000000,0x00000000c97b91e8,0x00000000ca700000)
 Metaspace       used 103705K, committed 105088K, reserved 1179648K
  class space    used 10189K, committed 10752K, reserved 1048576K
}
Event: 2178.849 GC heap before
{Heap before GC invocations=8789 (full 227):
 PSYoungGen      total 7168K, used 6432K [0x00000000eab00000, 0x00000000eb280000, 0x0000000100000000)
  eden space 6144K, 100% used [0x00000000eab00000,0x00000000eb100000,0x00000000eb100000)
  from space 1024K, 28% used [0x00000000eb100000,0x00000000eb148000,0x00000000eb200000)
  to   space 512K, 0% used [0x00000000eb200000,0x00000000eb200000,0x00000000eb280000)
 ParOldGen       total 171008K, used 155364K [0x00000000c0000000, 0x00000000ca700000, 0x00000000eab00000)
  object space 171008K, 90% used [0x00000000c0000000,0x00000000c97b91e8,0x00000000ca700000)
 Metaspace       used 103705K, committed 105088K, reserved 1179648K
  class space    used 10189K, committed 10752K, reserved 1048576K
}
Event: 2178.850 GC heap after
{Heap after GC invocations=8789 (full 227):
 PSYoungGen      total 6656K, used 224K [0x00000000eab00000, 0x00000000eb280000, 0x0000000100000000)
  eden space 6144K, 0% used [0x00000000eab00000,0x00000000eab00000,0x00000000eb100000)
  from space 512K, 43% used [0x00000000eb200000,0x00000000eb238000,0x00000000eb280000)
  to   space 512K, 0% used [0x00000000eb180000,0x00000000eb180000,0x00000000eb200000)
 ParOldGen       total 171008K, used 155428K [0x00000000c0000000, 0x00000000ca700000, 0x00000000eab00000)
  object space 171008K, 90% used [0x00000000c0000000,0x00000000c97c91e8,0x00000000ca700000)
 Metaspace       used 103705K, committed 105088K, reserved 1179648K
  class space    used 10189K, committed 10752K, reserved 1048576K
}
Event: 2178.864 GC heap before
{Heap before GC invocations=8790 (full 227):
 PSYoungGen      total 6656K, used 6368K [0x00000000eab00000, 0x00000000eb280000, 0x0000000100000000)
  eden space 6144K, 100% used [0x00000000eab00000,0x00000000eb100000,0x00000000eb100000)
  from space 512K, 43% used [0x00000000eb200000,0x00000000eb238000,0x00000000eb280000)
  to   space 512K, 0% used [0x00000000eb180000,0x00000000eb180000,0x00000000eb200000)
 ParOldGen       total 171008K, used 155428K [0x00000000c0000000, 0x00000000ca700000, 0x00000000eab00000)
  object space 171008K, 90% used [0x00000000c0000000,0x00000000c97c91e8,0x00000000ca700000)
 Metaspace       used 103707K, committed 105088K, reserved 1179648K
  class space    used 10189K, committed 10752K, reserved 1048576K
}
Event: 2178.865 GC heap after
{Heap after GC invocations=8790 (full 227):
 PSYoungGen      total 6656K, used 288K [0x00000000eab00000, 0x00000000eb280000, 0x0000000100000000)
  eden space 6144K, 0% used [0x00000000eab00000,0x00000000eab00000,0x00000000eb100000)
  from space 512K, 56% used [0x00000000eb180000,0x00000000eb1c8000,0x00000000eb200000)
  to   space 512K, 0% used [0x00000000eb200000,0x00000000eb200000,0x00000000eb280000)
 ParOldGen       total 171008K, used 155452K [0x00000000c0000000, 0x00000000ca700000, 0x00000000eab00000)
  object space 171008K, 90% used [0x00000000c0000000,0x00000000c97cf1e8,0x00000000ca700000)
 Metaspace       used 103707K, committed 105088K, reserved 1179648K
  class space    used 10189K, committed 10752K, reserved 1048576K
}
Event: 2178.880 GC heap before
{Heap before GC invocations=8791 (full 227):
 PSYoungGen      total 6656K, used 6432K [0x00000000eab00000, 0x00000000eb280000, 0x0000000100000000)
  eden space 6144K, 100% used [0x00000000eab00000,0x00000000eb100000,0x00000000eb100000)
  from space 512K, 56% used [0x00000000eb180000,0x00000000eb1c8000,0x00000000eb200000)
  to   space 512K, 0% used [0x00000000eb200000,0x00000000eb200000,0x00000000eb280000)
 ParOldGen       total 171008K, used 155452K [0x00000000c0000000, 0x00000000ca700000, 0x00000000eab00000)
  object space 171008K, 90% used [0x00000000c0000000,0x00000000c97cf1e8,0x00000000ca700000)
 Metaspace       used 103707K, committed 105088K, reserved 1179648K
  class space    used 10189K, committed 10752K, reserved 1048576K
}
Event: 2178.881 GC heap after
{Heap after GC invocations=8791 (full 227):
 PSYoungGen      total 6656K, used 384K [0x00000000eab00000, 0x00000000eb280000, 0x0000000100000000)
  eden space 6144K, 0% used [0x00000000eab00000,0x00000000eab00000,0x00000000eb100000)
  from space 512K, 75% used [0x00000000eb200000,0x00000000eb260000,0x00000000eb280000)
  to   space 512K, 0% used [0x00000000eb180000,0x00000000eb180000,0x00000000eb200000)
 ParOldGen       total 171008K, used 155612K [0x00000000c0000000, 0x00000000ca700000, 0x00000000eab00000)
  object space 171008K, 90% used [0x00000000c0000000,0x00000000c97f71e8,0x00000000ca700000)
 Metaspace       used 103707K, committed 105088K, reserved 1179648K
  class space    used 10189K, committed 10752K, reserved 1048576K
}
Event: 2178.895 GC heap before
{Heap before GC invocations=8792 (full 227):
 PSYoungGen      total 6656K, used 6528K [0x00000000eab00000, 0x00000000eb280000, 0x0000000100000000)
  eden space 6144K, 100% used [0x00000000eab00000,0x00000000eb100000,0x00000000eb100000)
  from space 512K, 75% used [0x00000000eb200000,0x00000000eb260000,0x00000000eb280000)
  to   space 512K, 0% used [0x00000000eb180000,0x00000000eb180000,0x00000000eb200000)
 ParOldGen       total 171008K, used 155612K [0x00000000c0000000, 0x00000000ca700000, 0x00000000eab00000)
  object space 171008K, 90% used [0x00000000c0000000,0x00000000c97f71e8,0x00000000ca700000)
 Metaspace       used 103707K, committed 105088K, reserved 1179648K
  class space    used 10189K, committed 10752K, reserved 1048576K
}
Event: 2178.896 GC heap after
{Heap after GC invocations=8792 (full 227):
 PSYoungGen      total 6656K, used 320K [0x00000000eab00000, 0x00000000eb280000, 0x0000000100000000)
  eden space 6144K, 0% used [0x00000000eab00000,0x00000000eab00000,0x00000000eb100000)
  from space 512K, 62% used [0x00000000eb180000,0x00000000eb1d0000,0x00000000eb200000)
  to   space 512K, 0% used [0x00000000eb200000,0x00000000eb200000,0x00000000eb280000)
 ParOldGen       total 171008K, used 155804K [0x00000000c0000000, 0x00000000ca700000, 0x00000000eab00000)
  object space 171008K, 91% used [0x00000000c0000000,0x00000000c98271e8,0x00000000ca700000)
 Metaspace       used 103707K, committed 105088K, reserved 1179648K
  class space    used 10189K, committed 10752K, reserved 1048576K
}
Event: 2178.913 GC heap before
{Heap before GC invocations=8793 (full 227):
 PSYoungGen      total 6656K, used 6464K [0x00000000eab00000, 0x00000000eb280000, 0x0000000100000000)
  eden space 6144K, 100% used [0x00000000eab00000,0x00000000eb100000,0x00000000eb100000)
  from space 512K, 62% used [0x00000000eb180000,0x00000000eb1d0000,0x00000000eb200000)
  to   space 512K, 0% used [0x00000000eb200000,0x00000000eb200000,0x00000000eb280000)
 ParOldGen       total 171008K, used 155804K [0x00000000c0000000, 0x00000000ca700000, 0x00000000eab00000)
  object space 171008K, 91% used [0x00000000c0000000,0x00000000c98271e8,0x00000000ca700000)
 Metaspace       used 103707K, committed 105088K, reserved 1179648K
  class space    used 10189K, committed 10752K, reserved 1048576K
}
Event: 2178.913 GC heap after
{Heap after GC invocations=8793 (full 227):
 PSYoungGen      total 6656K, used 288K [0x00000000eab00000, 0x00000000eb280000, 0x0000000100000000)
  eden space 6144K, 0% used [0x00000000eab00000,0x00000000eab00000,0x00000000eb100000)
  from space 512K, 56% used [0x00000000eb200000,0x00000000eb248000,0x00000000eb280000)
  to   space 512K, 0% used [0x00000000eb180000,0x00000000eb180000,0x00000000eb200000)
 ParOldGen       total 171008K, used 156012K [0x00000000c0000000, 0x00000000ca700000, 0x00000000eab00000)
  object space 171008K, 91% used [0x00000000c0000000,0x00000000c985b1e8,0x00000000ca700000)
 Metaspace       used 103707K, committed 105088K, reserved 1179648K
  class space    used 10189K, committed 10752K, reserved 1048576K
}
Event: 2178.930 GC heap before
{Heap before GC invocations=8794 (full 227):
 PSYoungGen      total 6656K, used 6409K [0x00000000eab00000, 0x00000000eb280000, 0x0000000100000000)
  eden space 6144K, 99% used [0x00000000eab00000,0x00000000eb0fa4d8,0x00000000eb100000)
  from space 512K, 56% used [0x00000000eb200000,0x00000000eb248000,0x00000000eb280000)
  to   space 512K, 0% used [0x00000000eb180000,0x00000000eb180000,0x00000000eb200000)
 ParOldGen       total 171008K, used 156012K [0x00000000c0000000, 0x00000000ca700000, 0x00000000eab00000)
  object space 171008K, 91% used [0x00000000c0000000,0x00000000c985b1e8,0x00000000ca700000)
 Metaspace       used 103725K, committed 105088K, reserved 1179648K
  class space    used 10189K, committed 10752K, reserved 1048576K
}
Event: 2178.931 GC heap after
{Heap after GC invocations=8794 (full 227):
 PSYoungGen      total 6656K, used 512K [0x00000000eab00000, 0x00000000eb300000, 0x0000000100000000)
  eden space 6144K, 0% used [0x00000000eab00000,0x00000000eab00000,0x00000000eb100000)
  from space 512K, 100% used [0x00000000eb180000,0x00000000eb200000,0x00000000eb200000)
  to   space 1024K, 0% used [0x00000000eb200000,0x00000000eb200000,0x00000000eb300000)
 ParOldGen       total 171008K, used 156236K [0x00000000c0000000, 0x00000000ca700000, 0x00000000eab00000)
  object space 171008K, 91% used [0x00000000c0000000,0x00000000c98931e8,0x00000000ca700000)
 Metaspace       used 103725K, committed 105088K, reserved 1179648K
  class space    used 10189K, committed 10752K, reserved 1048576K
}
Event: 2179.256 GC heap before
{Heap before GC invocations=8795 (full 227):
 PSYoungGen      total 6656K, used 6655K [0x00000000eab00000, 0x00000000eb300000, 0x0000000100000000)
  eden space 6144K, 99% used [0x00000000eab00000,0x00000000eb0fff50,0x00000000eb100000)
  from space 512K, 100% used [0x00000000eb180000,0x00000000eb200000,0x00000000eb200000)
  to   space 1024K, 0% used [0x00000000eb200000,0x00000000eb200000,0x00000000eb300000)
 ParOldGen       total 171008K, used 156236K [0x00000000c0000000, 0x00000000ca700000, 0x00000000eab00000)
  object space 171008K, 91% used [0x00000000c0000000,0x00000000c98931e8,0x00000000ca700000)
 Metaspace       used 103733K, committed 105088K, reserved 1179648K
  class space    used 10189K, committed 10752K, reserved 1048576K
}
Event: 2179.258 GC heap after
{Heap after GC invocations=8795 (full 227):
 PSYoungGen      total 7168K, used 642K [0x00000000eab00000, 0x00000000eb300000, 0x0000000100000000)
  eden space 6144K, 0% used [0x00000000eab00000,0x00000000eab00000,0x00000000eb100000)
  from space 1024K, 62% used [0x00000000eb200000,0x00000000eb2a0a50,0x00000000eb300000)
  to   space 1024K, 0% used [0x00000000eb100000,0x00000000eb100000,0x00000000eb200000)
 ParOldGen       total 171008K, used 156724K [0x00000000c0000000, 0x00000000ca700000, 0x00000000eab00000)
  object space 171008K, 91% used [0x00000000c0000000,0x00000000c990d1e8,0x00000000ca700000)
 Metaspace       used 103733K, committed 105088K, reserved 1179648K
  class space    used 10189K, committed 10752K, reserved 1048576K
}
Event: 2179.302 GC heap before
{Heap before GC invocations=8796 (full 227):
 PSYoungGen      total 7168K, used 6786K [0x00000000eab00000, 0x00000000eb300000, 0x0000000100000000)
  eden space 6144K, 100% used [0x00000000eab00000,0x00000000eb100000,0x00000000eb100000)
  from space 1024K, 62% used [0x00000000eb200000,0x00000000eb2a0a50,0x00000000eb300000)
  to   space 1024K, 0% used [0x00000000eb100000,0x00000000eb100000,0x00000000eb200000)
 ParOldGen       total 171008K, used 156724K [0x00000000c0000000, 0x00000000ca700000, 0x00000000eab00000)
  object space 171008K, 91% used [0x00000000c0000000,0x00000000c990d1e8,0x00000000ca700000)
 Metaspace       used 103733K, committed 105088K, reserved 1179648K
  class space    used 10189K, committed 10752K, reserved 1048576K
}
Event: 2179.306 GC heap after
{Heap after GC invocations=8796 (full 227):
 PSYoungGen      total 7168K, used 1000K [0x00000000eab00000, 0x00000000ebe00000, 0x0000000100000000)
  eden space 6144K, 0% used [0x00000000eab00000,0x00000000eab00000,0x00000000eb100000)
  from space 1024K, 97% used [0x00000000eb100000,0x00000000eb1fa040,0x00000000eb200000)
  to   space 6656K, 0% used [0x00000000eb780000,0x00000000eb780000,0x00000000ebe00000)
 ParOldGen       total 171008K, used 161084K [0x00000000c0000000, 0x00000000ca700000, 0x00000000eab00000)
  object space 171008K, 94% used [0x00000000c0000000,0x00000000c9d4f1e8,0x00000000ca700000)
 Metaspace       used 103733K, committed 105088K, reserved 1179648K
  class space    used 10189K, committed 10752K, reserved 1048576K
}
Event: 2179.373 GC heap before
{Heap before GC invocations=8797 (full 227):
 PSYoungGen      total 7168K, used 7144K [0x00000000eab00000, 0x00000000ebe00000, 0x0000000100000000)
  eden space 6144K, 100% used [0x00000000eab00000,0x00000000eb100000,0x00000000eb100000)
  from space 1024K, 97% used [0x00000000eb100000,0x00000000eb1fa040,0x00000000eb200000)
  to   space 6656K, 0% used [0x00000000eb780000,0x00000000eb780000,0x00000000ebe00000)
 ParOldGen       total 171008K, used 161084K [0x00000000c0000000, 0x00000000ca700000, 0x00000000eab00000)
  object space 171008K, 94% used [0x00000000c0000000,0x00000000c9d4f1e8,0x00000000ca700000)
 Metaspace       used 103733K, committed 105088K, reserved 1179648K
  class space    used 10189K, committed 10752K, reserved 1048576K
}
Event: 2179.377 GC heap after
{Heap after GC invocations=8797 (full 227):
 PSYoungGen      total 8704K, used 2476K [0x00000000eab00000, 0x00000000eba00000, 0x0000000100000000)
  eden space 6144K, 0% used [0x00000000eab00000,0x00000000eab00000,0x00000000eb100000)
  from space 2560K, 96% used [0x00000000eb780000,0x00000000eb9eb1a0,0x00000000eba00000)
  to   space 3584K, 0% used [0x00000000eb300000,0x00000000eb300000,0x00000000eb680000)
 ParOldGen       total 171008K, used 161399K [0x00000000c0000000, 0x00000000ca700000, 0x00000000eab00000)
  object space 171008K, 94% used [0x00000000c0000000,0x00000000c9d9dc38,0x00000000ca700000)
 Metaspace       used 103733K, committed 105088K, reserved 1179648K
  class space    used 10189K, committed 10752K, reserved 1048576K
}

